<html>
<head>
<title>TestNG:  createtest</title>
<link href="../testng.css" rel="stylesheet" type="text/css" />
<link href="../my-testng.css" rel="stylesheet" type="text/css" />

<style type="text/css">
.log { display: none;} 
.stack-trace { display: none;} 
</style>
<script type="text/javascript">
<!--
function flip(e) {
  current = e.style.display;
  if (current == 'block') {
    e.style.display = 'none';
    return 0;
  }
  else {
    e.style.display = 'block';
    return 1;
  }
}

function toggleBox(szDivId, elem, msg1, msg2)
{
  var res = -1;  if (document.getElementById) {
    res = flip(document.getElementById(szDivId));
  }
  else if (document.all) {
    // this is the way old msie versions work
    res = flip(document.all[szDivId]);
  }
  if(elem) {
    if(res == 0) elem.innerHTML = msg1; else elem.innerHTML = msg2;
  }

}

function toggleAllBoxes() {
  if (document.getElementsByTagName) {
    d = document.getElementsByTagName('div');
    for (i = 0; i < d.length; i++) {
      if (d[i].className == 'log') {
        flip(d[i]);
      }
    }
  }
}

// -->
</script>

</head>
<body>
<h2 align='center'>createtest</h2><table border='1' align="center">
<tr>
<td>Tests passed/Failed/Skipped:</td><td>12/0/2</td>
</tr><tr>
<td>Started on:</td><td>Sun Feb 09 08:51:01 IST 2020</td>
</tr>
<tr><td>Total time:</td><td>235 seconds (235423 ms)</td>
</tr><tr>
<td>Included groups:</td><td></td>
</tr><tr>
<td>Excluded groups:</td><td></td>
</tr>
</table><p/>
<small><i>(Hover the method name to see the test class name)</i></small><p/>
<table width='100%' border='1' class='invocation-passed'>
<tr><td colspan='4' align='center'><b>PASSED TESTS</b></td></tr>
<tr><td><b>Test method</b></td>
<td width="30%"><b>Exception</b></td>
<td width="10%"><b>Time (seconds)</b></td>
<td><b>Instance</b></td>
</tr>
<tr>
<td title='nvkidsframework.testcases.CreatePageTestcase.createLeaf_DemoCSR()'><b>createLeaf_DemoCSR</b><br>Test class: nvkidsframework.testcases.CreatePageTestcase<br>Test method: create leaf for demo CSR<br>Parameters: DemoSalesManager, crmsfa</td>
<td></td>
<td>39</td>
<td>nvkidsframework.testcases.CreatePageTestcase@37918c79</td></tr>
<tr>
<td title='nvkidsframework.testcases.CreatePageTestCaseAgain.createLeaf_DemoCSR()'><b>createLeaf_DemoCSR</b><br>Test class: nvkidsframework.testcases.CreatePageTestCaseAgain<br>Test method:  Again create leaf for demo CSR<br>Parameters: DemoSalesManager, crmsfa</td>
<td></td>
<td>38</td>
<td>nvkidsframework.testcases.CreatePageTestCaseAgain@78e94dcf</td></tr>
<tr>
<td title='nvkidsframework.testcases.CreatePageTestCaseAgain.createLeaf_DemoCSR()'><b>createLeaf_DemoCSR</b><br>Test class: nvkidsframework.testcases.CreatePageTestCaseAgain<br>Test method:  Again create leaf for demo CSR<br>Parameters: DemoCSR, crmsfa</td>
<td></td>
<td>38</td>
<td>nvkidsframework.testcases.CreatePageTestCaseAgain@78e94dcf</td></tr>
<tr>
<td title='nvkidsframework.testcases.CreatePageTestcase.createLeaf_DemoCSR()'><b>createLeaf_DemoCSR</b><br>Test class: nvkidsframework.testcases.CreatePageTestcase<br>Test method: create leaf for demo CSR<br>Parameters: DemoCSR, crmsfa</td>
<td></td>
<td>38</td>
<td>nvkidsframework.testcases.CreatePageTestcase@37918c79</td></tr>
<tr>
<td title='nvkidsframework.testcases.CreatePageTestcase.createLeaf_DemoCSR()'><b>createLeaf_DemoCSR</b><br>Test class: nvkidsframework.testcases.CreatePageTestcase<br>Test method: create leaf for demo CSR<br>Parameters: DemoCSR2, crmsfa</td>
<td></td>
<td>37</td>
<td>nvkidsframework.testcases.CreatePageTestcase@37918c79</td></tr>
<tr>
<td title='nvkidsframework.testcases.CreatePageTestCaseAgain.createLeaf_DemoCSR()'><b>createLeaf_DemoCSR</b><br>Test class: nvkidsframework.testcases.CreatePageTestCaseAgain<br>Test method:  Again create leaf for demo CSR<br>Parameters: DemoCSR2, crmsfa</td>
<td></td>
<td>37</td>
<td>nvkidsframework.testcases.CreatePageTestCaseAgain@78e94dcf</td></tr>
<tr>
<td title='nvkidsframework.testcases.CreatePageTestCaseAgain.createLeaf_SalesManager()'><b>createLeaf_SalesManager</b><br>Test class: nvkidsframework.testcases.CreatePageTestCaseAgain<br>Test method: Again create leaf for demo sales manager<br>Parameters: DemoSalesManager, crmsfa</td>
<td></td>
<td>8</td>
<td>nvkidsframework.testcases.CreatePageTestCaseAgain@78e94dcf</td></tr>
<tr>
<td title='nvkidsframework.testcases.CreatePageTestcase.createLeaf_SalesManager()'><b>createLeaf_SalesManager</b><br>Test class: nvkidsframework.testcases.CreatePageTestcase<br>Test method: create leaf for demo sales manager<br>Parameters: DemoSalesManager, crmsfa</td>
<td></td>
<td>8</td>
<td>nvkidsframework.testcases.CreatePageTestcase@37918c79</td></tr>
<tr>
<td title='nvkidsframework.testcases.CreatePageTestcase.createLeaf_SalesManager()'><b>createLeaf_SalesManager</b><br>Test class: nvkidsframework.testcases.CreatePageTestcase<br>Test method: create leaf for demo sales manager<br>Parameters: DemoCSR, crmsfa</td>
<td></td>
<td>8</td>
<td>nvkidsframework.testcases.CreatePageTestcase@37918c79</td></tr>
<tr>
<td title='nvkidsframework.testcases.CreatePageTestCaseAgain.createLeaf_SalesManager()'><b>createLeaf_SalesManager</b><br>Test class: nvkidsframework.testcases.CreatePageTestCaseAgain<br>Test method: Again create leaf for demo sales manager<br>Parameters: DemoCSR, crmsfa</td>
<td></td>
<td>8</td>
<td>nvkidsframework.testcases.CreatePageTestCaseAgain@78e94dcf</td></tr>
<tr>
<td title='nvkidsframework.testcases.CreatePageTestCaseAgain.createLeaf_SalesManager()'><b>createLeaf_SalesManager</b><br>Test class: nvkidsframework.testcases.CreatePageTestCaseAgain<br>Test method: Again create leaf for demo sales manager<br>Parameters: DemoCSR2, crmsfa</td>
<td></td>
<td>8</td>
<td>nvkidsframework.testcases.CreatePageTestCaseAgain@78e94dcf</td></tr>
<tr>
<td title='nvkidsframework.testcases.CreatePageTestcase.createLeaf_SalesManager()'><b>createLeaf_SalesManager</b><br>Test class: nvkidsframework.testcases.CreatePageTestcase<br>Test method: create leaf for demo sales manager<br>Parameters: DemoCSR2, crmsfa</td>
<td></td>
<td>8</td>
<td>nvkidsframework.testcases.CreatePageTestcase@37918c79</td></tr>
</table><p>
<table width='100%' border='1' class='invocation-skipped'>
<tr><td colspan='4' align='center'><b>SKIPPED TESTS</b></td></tr>
<tr><td><b>Test method</b></td>
<td width="30%"><b>Exception</b></td>
<td width="10%"><b>Time (seconds)</b></td>
<td><b>Instance</b></td>
</tr>
<tr>
<td title='nvkidsframework.testcases.CreatePageTestcase.createLeaf_DemoCSR()'><b>createLeaf_DemoCSR</b><br>Test class: nvkidsframework.testcases.CreatePageTestcase<br>Test method: create leaf for demo CSR<br>Parameters: DemoSalesManager, crmsfa</td>
<td><div><pre>org.openqa.selenium.WebDriverException: chrome not reachable
  (Session info: chrome=80.0.3987.87)
Build info: version: &apos;3.141.59&apos;, revision: &apos;e82be7d358&apos;, time: &apos;2018-11-14T08:17:03&apos;
System info: host: &apos;DESKTOP-O0V8JPK&apos;, ip: &apos;192.168.137.1&apos;, os.name: &apos;Windows 10&apos;, os.arch: &apos;amd64&apos;, os.version: &apos;10.0&apos;, java.version: &apos;1.8.0_171&apos;
Driver info: org.openqa.selenium.chrome.ChromeDriver
Capabilities {acceptInsecureCerts: false, browserName: chrome, browserVersion: 80.0.3987.87, chrome: {chromedriverVersion: 79.0.3945.36 (3582db32b3389..., userDataDir: C:\Users\Shamili\AppData\Lo...}, goog:chromeOptions: {debuggerAddress: localhost:61045}, javascriptEnabled: true, networkConnectionEnabled: false, pageLoadStrategy: normal, platform: WINDOWS, platformName: WINDOWS, proxy: Proxy(), setWindowRect: true, strictFileInteractability: false, timeouts: {implicit: 0, pageLoad: 300000, script: 30000}, unhandledPromptBehavior: dismiss and notify}
Session ID: 3913d71554318edb4b5c4c6bb2583e03
*** Element info: {Using=id, value=username}
	at org.openqa.selenium.remote.http.W3CHttpResponseCodec.createException(W3CHttpResponseCodec.java:187)
	at org.openqa.selenium.remote.http.W3CHttpResponseCodec.decode(W3CHttpResponseCodec.java:122)
	at org.openqa.selenium.remote.http.W3CHttpResponseCodec.decode(W3CHttpResponseCodec.java:49)
	at org.openqa.selenium.remote.HttpCommandExecutor.execute(HttpCommandExecutor.java:158)
	at org.openqa.selenium.remote.service.DriverCommandExecutor.execute(DriverCommandExecutor.java:83)
	at org.openqa.selenium.remote.RemoteWebDriver.execute(RemoteWebDriver.java:552)
	at org.openqa.selenium.remote.RemoteWebDriver.findElement(RemoteWebDriver.java:323)
	at org.openqa.selenium.remote.RemoteWebDriver.findElementById(RemoteWebDriver.java:372)
	at org.openqa.selenium.By$ById.findElement(By.java:188)
	at org.openqa.selenium.remote.RemoteWebDriver.findElement(RemoteWebDriver.java:315)
	at org.openqa.selenium.support.pagefactory.DefaultElementLocator.findElement(DefaultElementLocator.java:69)
	at org.openqa.selenium.support.pagefactory.internal.LocatingElementHandler.invoke(LocatingElementHandler.java:38)
	at com.sun.proxy.$Proxy15.clear(Unknown Source)
	at nv.selenium.api.base.SeleniumBase.clearAndType(SeleniumBase.java:86)
	at nv.leafbot.pages.LoginPage.enterUserName(LoginPage.java:42)
	at nvkidsframework.testcases.CreatePageTestcase.createLeaf_DemoCSR(CreatePageTestcase.java:48)
	at java.util.concurrent.ThreadPoolExecutor.runWorker(ThreadPoolExecutor.java:1149)
	at java.util.concurrent.ThreadPoolExecutor$Worker.run(ThreadPoolExecutor.java:624)
	at java.lang.Thread.run(Thread.java:748)
... Removed 14 stack frames</pre></div><a href='#' onClick='toggleBox("stack-trace227751343", this, "Click to show all stack frames", "Click to hide stack frames")'>Click to show all stack frames</a>
<div class='stack-trace' id='stack-trace227751343'><pre>org.openqa.selenium.WebDriverException: chrome not reachable
  (Session info: chrome=80.0.3987.87)
Build info: version: &apos;3.141.59&apos;, revision: &apos;e82be7d358&apos;, time: &apos;2018-11-14T08:17:03&apos;
System info: host: &apos;DESKTOP-O0V8JPK&apos;, ip: &apos;192.168.137.1&apos;, os.name: &apos;Windows 10&apos;, os.arch: &apos;amd64&apos;, os.version: &apos;10.0&apos;, java.version: &apos;1.8.0_171&apos;
Driver info: org.openqa.selenium.chrome.ChromeDriver
Capabilities {acceptInsecureCerts: false, browserName: chrome, browserVersion: 80.0.3987.87, chrome: {chromedriverVersion: 79.0.3945.36 (3582db32b3389..., userDataDir: C:\Users\Shamili\AppData\Lo...}, goog:chromeOptions: {debuggerAddress: localhost:61045}, javascriptEnabled: true, networkConnectionEnabled: false, pageLoadStrategy: normal, platform: WINDOWS, platformName: WINDOWS, proxy: Proxy(), setWindowRect: true, strictFileInteractability: false, timeouts: {implicit: 0, pageLoad: 300000, script: 30000}, unhandledPromptBehavior: dismiss and notify}
Session ID: 3913d71554318edb4b5c4c6bb2583e03
*** Element info: {Using=id, value=username}
	at sun.reflect.NativeConstructorAccessorImpl.newInstance0(Native Method)
	at sun.reflect.NativeConstructorAccessorImpl.newInstance(NativeConstructorAccessorImpl.java:62)
	at sun.reflect.DelegatingConstructorAccessorImpl.newInstance(DelegatingConstructorAccessorImpl.java:45)
	at java.lang.reflect.Constructor.newInstance(Constructor.java:423)
	at org.openqa.selenium.remote.http.W3CHttpResponseCodec.createException(W3CHttpResponseCodec.java:187)
	at org.openqa.selenium.remote.http.W3CHttpResponseCodec.decode(W3CHttpResponseCodec.java:122)
	at org.openqa.selenium.remote.http.W3CHttpResponseCodec.decode(W3CHttpResponseCodec.java:49)
	at org.openqa.selenium.remote.HttpCommandExecutor.execute(HttpCommandExecutor.java:158)
	at org.openqa.selenium.remote.service.DriverCommandExecutor.execute(DriverCommandExecutor.java:83)
	at org.openqa.selenium.remote.RemoteWebDriver.execute(RemoteWebDriver.java:552)
	at org.openqa.selenium.remote.RemoteWebDriver.findElement(RemoteWebDriver.java:323)
	at org.openqa.selenium.remote.RemoteWebDriver.findElementById(RemoteWebDriver.java:372)
	at org.openqa.selenium.By$ById.findElement(By.java:188)
	at org.openqa.selenium.remote.RemoteWebDriver.findElement(RemoteWebDriver.java:315)
	at org.openqa.selenium.support.pagefactory.DefaultElementLocator.findElement(DefaultElementLocator.java:69)
	at org.openqa.selenium.support.pagefactory.internal.LocatingElementHandler.invoke(LocatingElementHandler.java:38)
	at com.sun.proxy.$Proxy15.clear(Unknown Source)
	at nv.selenium.api.base.SeleniumBase.clearAndType(SeleniumBase.java:86)
	at nv.leafbot.pages.LoginPage.enterUserName(LoginPage.java:42)
	at nvkidsframework.testcases.CreatePageTestcase.createLeaf_DemoCSR(CreatePageTestcase.java:48)
	at sun.reflect.NativeMethodAccessorImpl.invoke0(Native Method)
	at sun.reflect.NativeMethodAccessorImpl.invoke(NativeMethodAccessorImpl.java:62)
	at sun.reflect.DelegatingMethodAccessorImpl.invoke(DelegatingMethodAccessorImpl.java:43)
	at java.lang.reflect.Method.invoke(Method.java:498)
	at org.testng.internal.MethodInvocationHelper.invokeMethod(MethodInvocationHelper.java:124)
	at org.testng.internal.Invoker.invokeMethod(Invoker.java:583)
	at org.testng.internal.Invoker.invokeTestMethod(Invoker.java:719)
	at org.testng.internal.Invoker.invokeTestMethods(Invoker.java:989)
	at org.testng.internal.TestMethodWorker.invokeTestMethods(TestMethodWorker.java:125)
	at org.testng.internal.TestMethodWorker.run(TestMethodWorker.java:109)
	at java.util.concurrent.ThreadPoolExecutor.runWorker(ThreadPoolExecutor.java:1149)
	at java.util.concurrent.ThreadPoolExecutor$Worker.run(ThreadPoolExecutor.java:624)
	at java.lang.Thread.run(Thread.java:748)
</pre></div></td>
<td>11</td>
<td>nvkidsframework.testcases.CreatePageTestcase@37918c79</td></tr>
<tr>
<td title='nvkidsframework.testcases.CreatePageTestCaseAgain.createLeaf_DemoCSR()'><b>createLeaf_DemoCSR</b><br>Test class: nvkidsframework.testcases.CreatePageTestCaseAgain<br>Test method:  Again create leaf for demo CSR<br>Parameters: DemoSalesManager, crmsfa</td>
<td><div><pre>org.openqa.selenium.WebDriverException: chrome not reachable
  (Session info: chrome=80.0.3987.87)
Build info: version: &apos;3.141.59&apos;, revision: &apos;e82be7d358&apos;, time: &apos;2018-11-14T08:17:03&apos;
System info: host: &apos;DESKTOP-O0V8JPK&apos;, ip: &apos;192.168.137.1&apos;, os.name: &apos;Windows 10&apos;, os.arch: &apos;amd64&apos;, os.version: &apos;10.0&apos;, java.version: &apos;1.8.0_171&apos;
Driver info: org.openqa.selenium.chrome.ChromeDriver
Capabilities {acceptInsecureCerts: false, browserName: chrome, browserVersion: 80.0.3987.87, chrome: {chromedriverVersion: 79.0.3945.36 (3582db32b3389..., userDataDir: C:\Users\Shamili\AppData\Lo...}, goog:chromeOptions: {debuggerAddress: localhost:61044}, javascriptEnabled: true, networkConnectionEnabled: false, pageLoadStrategy: normal, platform: WINDOWS, platformName: WINDOWS, proxy: Proxy(), setWindowRect: true, strictFileInteractability: false, timeouts: {implicit: 0, pageLoad: 300000, script: 30000}, unhandledPromptBehavior: dismiss and notify}
Session ID: 5c90a643d85d2ca82f75b3c2fb7681f4
*** Element info: {Using=class name, value=decorativeSubmit}
	at org.openqa.selenium.remote.http.W3CHttpResponseCodec.createException(W3CHttpResponseCodec.java:187)
	at org.openqa.selenium.remote.http.W3CHttpResponseCodec.decode(W3CHttpResponseCodec.java:122)
	at org.openqa.selenium.remote.http.W3CHttpResponseCodec.decode(W3CHttpResponseCodec.java:49)
	at org.openqa.selenium.remote.HttpCommandExecutor.execute(HttpCommandExecutor.java:158)
	at org.openqa.selenium.remote.service.DriverCommandExecutor.execute(DriverCommandExecutor.java:83)
	at org.openqa.selenium.remote.RemoteWebDriver.execute(RemoteWebDriver.java:552)
	at org.openqa.selenium.remote.RemoteWebDriver.findElement(RemoteWebDriver.java:323)
	at org.openqa.selenium.remote.RemoteWebDriver.findElementByClassName(RemoteWebDriver.java:412)
	at org.openqa.selenium.By$ByClassName.findElement(By.java:389)
	at org.openqa.selenium.remote.RemoteWebDriver.findElement(RemoteWebDriver.java:315)
	at org.openqa.selenium.support.pagefactory.DefaultElementLocator.findElement(DefaultElementLocator.java:69)
	at org.openqa.selenium.support.pagefactory.internal.LocatingElementHandler.invoke(LocatingElementHandler.java:38)
	at com.sun.proxy.$Proxy15.isDisplayed(Unknown Source)
	at org.openqa.selenium.support.ui.ExpectedConditions.elementIfVisible(ExpectedConditions.java:314)
	at org.openqa.selenium.support.ui.ExpectedConditions.access$000(ExpectedConditions.java:43)
	at org.openqa.selenium.support.ui.ExpectedConditions$10.apply(ExpectedConditions.java:300)
	at org.openqa.selenium.support.ui.ExpectedConditions$10.apply(ExpectedConditions.java:297)
	at org.openqa.selenium.support.ui.ExpectedConditions$23.apply(ExpectedConditions.java:670)
	at org.openqa.selenium.support.ui.ExpectedConditions$23.apply(ExpectedConditions.java:666)
	at org.openqa.selenium.support.ui.FluentWait.until(FluentWait.java:249)
	at nv.selenium.api.base.SeleniumBase.click(SeleniumBase.java:141)
	at nv.leafbot.pages.LoginPage.clickLogInForFailer(LoginPage.java:68)
	at nvkidsframework.testcases.CreatePageTestCaseAgain.createLeaf_DemoCSR(CreatePageTestCaseAgain.java:46)
	at java.util.concurrent.ThreadPoolExecutor.runWorker(ThreadPoolExecutor.java:1149)
	at java.util.concurrent.ThreadPoolExecutor$Worker.run(ThreadPoolExecutor.java:624)
	at java.lang.Thread.run(Thread.java:748)
... Removed 14 stack frames</pre></div><a href='#' onClick='toggleBox("stack-trace489261191", this, "Click to show all stack frames", "Click to hide stack frames")'>Click to show all stack frames</a>
<div class='stack-trace' id='stack-trace489261191'><pre>org.openqa.selenium.WebDriverException: chrome not reachable
  (Session info: chrome=80.0.3987.87)
Build info: version: &apos;3.141.59&apos;, revision: &apos;e82be7d358&apos;, time: &apos;2018-11-14T08:17:03&apos;
System info: host: &apos;DESKTOP-O0V8JPK&apos;, ip: &apos;192.168.137.1&apos;, os.name: &apos;Windows 10&apos;, os.arch: &apos;amd64&apos;, os.version: &apos;10.0&apos;, java.version: &apos;1.8.0_171&apos;
Driver info: org.openqa.selenium.chrome.ChromeDriver
Capabilities {acceptInsecureCerts: false, browserName: chrome, browserVersion: 80.0.3987.87, chrome: {chromedriverVersion: 79.0.3945.36 (3582db32b3389..., userDataDir: C:\Users\Shamili\AppData\Lo...}, goog:chromeOptions: {debuggerAddress: localhost:61044}, javascriptEnabled: true, networkConnectionEnabled: false, pageLoadStrategy: normal, platform: WINDOWS, platformName: WINDOWS, proxy: Proxy(), setWindowRect: true, strictFileInteractability: false, timeouts: {implicit: 0, pageLoad: 300000, script: 30000}, unhandledPromptBehavior: dismiss and notify}
Session ID: 5c90a643d85d2ca82f75b3c2fb7681f4
*** Element info: {Using=class name, value=decorativeSubmit}
	at sun.reflect.NativeConstructorAccessorImpl.newInstance0(Native Method)
	at sun.reflect.NativeConstructorAccessorImpl.newInstance(NativeConstructorAccessorImpl.java:62)
	at sun.reflect.DelegatingConstructorAccessorImpl.newInstance(DelegatingConstructorAccessorImpl.java:45)
	at java.lang.reflect.Constructor.newInstance(Constructor.java:423)
	at org.openqa.selenium.remote.http.W3CHttpResponseCodec.createException(W3CHttpResponseCodec.java:187)
	at org.openqa.selenium.remote.http.W3CHttpResponseCodec.decode(W3CHttpResponseCodec.java:122)
	at org.openqa.selenium.remote.http.W3CHttpResponseCodec.decode(W3CHttpResponseCodec.java:49)
	at org.openqa.selenium.remote.HttpCommandExecutor.execute(HttpCommandExecutor.java:158)
	at org.openqa.selenium.remote.service.DriverCommandExecutor.execute(DriverCommandExecutor.java:83)
	at org.openqa.selenium.remote.RemoteWebDriver.execute(RemoteWebDriver.java:552)
	at org.openqa.selenium.remote.RemoteWebDriver.findElement(RemoteWebDriver.java:323)
	at org.openqa.selenium.remote.RemoteWebDriver.findElementByClassName(RemoteWebDriver.java:412)
	at org.openqa.selenium.By$ByClassName.findElement(By.java:389)
	at org.openqa.selenium.remote.RemoteWebDriver.findElement(RemoteWebDriver.java:315)
	at org.openqa.selenium.support.pagefactory.DefaultElementLocator.findElement(DefaultElementLocator.java:69)
	at org.openqa.selenium.support.pagefactory.internal.LocatingElementHandler.invoke(LocatingElementHandler.java:38)
	at com.sun.proxy.$Proxy15.isDisplayed(Unknown Source)
	at org.openqa.selenium.support.ui.ExpectedConditions.elementIfVisible(ExpectedConditions.java:314)
	at org.openqa.selenium.support.ui.ExpectedConditions.access$000(ExpectedConditions.java:43)
	at org.openqa.selenium.support.ui.ExpectedConditions$10.apply(ExpectedConditions.java:300)
	at org.openqa.selenium.support.ui.ExpectedConditions$10.apply(ExpectedConditions.java:297)
	at org.openqa.selenium.support.ui.ExpectedConditions$23.apply(ExpectedConditions.java:670)
	at org.openqa.selenium.support.ui.ExpectedConditions$23.apply(ExpectedConditions.java:666)
	at org.openqa.selenium.support.ui.FluentWait.until(FluentWait.java:249)
	at nv.selenium.api.base.SeleniumBase.click(SeleniumBase.java:141)
	at nv.leafbot.pages.LoginPage.clickLogInForFailer(LoginPage.java:68)
	at nvkidsframework.testcases.CreatePageTestCaseAgain.createLeaf_DemoCSR(CreatePageTestCaseAgain.java:46)
	at sun.reflect.NativeMethodAccessorImpl.invoke0(Native Method)
	at sun.reflect.NativeMethodAccessorImpl.invoke(NativeMethodAccessorImpl.java:62)
	at sun.reflect.DelegatingMethodAccessorImpl.invoke(DelegatingMethodAccessorImpl.java:43)
	at java.lang.reflect.Method.invoke(Method.java:498)
	at org.testng.internal.MethodInvocationHelper.invokeMethod(MethodInvocationHelper.java:124)
	at org.testng.internal.Invoker.invokeMethod(Invoker.java:583)
	at org.testng.internal.Invoker.invokeTestMethod(Invoker.java:719)
	at org.testng.internal.Invoker.invokeTestMethods(Invoker.java:989)
	at org.testng.internal.TestMethodWorker.invokeTestMethods(TestMethodWorker.java:125)
	at org.testng.internal.TestMethodWorker.run(TestMethodWorker.java:109)
	at java.util.concurrent.ThreadPoolExecutor.runWorker(ThreadPoolExecutor.java:1149)
	at java.util.concurrent.ThreadPoolExecutor$Worker.run(ThreadPoolExecutor.java:624)
	at java.lang.Thread.run(Thread.java:748)
</pre></div></td>
<td>15</td>
<td>nvkidsframework.testcases.CreatePageTestCaseAgain@78e94dcf</td></tr>
</table><p>
</body>
</html>