<!DOCTYPE html PUBLIC "-//W3C//DTD XHTML 1.1//EN" "http://www.w3.org/TR/xhtml11/DTD/xhtml11.dtd">
<html xmlns="http://www.w3.org/1999/xhtml">
<head>
<meta http-equiv="content-type" content="text/html; charset=UTF-8"/>
<title>TestNG Report</title>
<style type="text/css">table {margin-bottom:10px;border-collapse:collapse;empty-cells:show}th,td {border:1px solid #009;padding:.25em .5em}th {vertical-align:bottom}td {vertical-align:top}table a {font-weight:bold}.stripe td {background-color: #E6EBF9}.num {text-align:right}.passedodd td {background-color: #3F3}.passedeven td {background-color: #0A0}.skippedodd td {background-color: #DDD}.skippedeven td {background-color: #CCC}.failedodd td,.attn {background-color: #F33}.failedeven td,.stripe .attn {background-color: #D00}.stacktrace {white-space:pre;font-family:monospace}.totop {font-size:85%;text-align:center;border-bottom:2px solid #000}.invisible {display:none}</style>
</head>
<body>
<table>
<tr><th>Test</th><th># Passed</th><th># Skipped</th><th># Failed</th><th>Time (ms)</th><th>Included Groups</th><th>Excluded Groups</th></tr>
<tr><th colspan="7">Suite</th></tr>
<tr><td><a href="#t0">createtest</a></td><td class="num">12</td><td class="num attn">2</td><td class="num">0</td><td class="num">235,423</td><td></td><td></td></tr>
</table>
<table id='summary'><thead><tr><th>Class</th><th>Method</th><th>Start</th><th>Time (ms)</th></tr></thead><tbody><tr><th colspan="4">Suite</th></tr></tbody><tbody id="t0"><tr><th colspan="4">createtest &#8212; skipped</th></tr><tr class="skippedeven"><td rowspan="1">nvkidsframework.testcases.CreatePageTestCaseAgain</td><td><a href="#m0">createLeaf_DemoCSR</a></td><td rowspan="1">1581218476878</td><td rowspan="1">15340</td></tr><tr class="skippedodd"><td rowspan="1">nvkidsframework.testcases.CreatePageTestcase</td><td><a href="#m1">createLeaf_DemoCSR</a></td><td rowspan="1">1581218476878</td><td rowspan="1">11497</td></tr><tr><th colspan="4">createtest &#8212; passed</th></tr><tr class="passedeven"><td rowspan="6">nvkidsframework.testcases.CreatePageTestCaseAgain</td><td><a href="#m2">createLeaf_DemoCSR</a></td><td rowspan="3">1581218598530</td><td rowspan="3">37629</td></tr><tr class="passedeven"><td><a href="#m3">createLeaf_DemoCSR</a></td></tr><tr class="passedeven"><td><a href="#m4">createLeaf_DemoCSR</a></td></tr><tr class="passedeven"><td><a href="#m5">createLeaf_SalesManager</a></td><td rowspan="3">1581218686568</td><td rowspan="3">8267</td></tr><tr class="passedeven"><td><a href="#m6">createLeaf_SalesManager</a></td></tr><tr class="passedeven"><td><a href="#m7">createLeaf_SalesManager</a></td></tr><tr class="passedodd"><td rowspan="6">nvkidsframework.testcases.CreatePageTestcase</td><td><a href="#m8">createLeaf_DemoCSR</a></td><td rowspan="3">1581218598375</td><td rowspan="3">37781</td></tr><tr class="passedodd"><td><a href="#m9">createLeaf_DemoCSR</a></td></tr><tr class="passedodd"><td><a href="#m10">createLeaf_DemoCSR</a></td></tr><tr class="passedodd"><td><a href="#m11">createLeaf_SalesManager</a></td><td rowspan="3">1581218668121</td><td rowspan="3">8326</td></tr><tr class="passedodd"><td><a href="#m12">createLeaf_SalesManager</a></td></tr><tr class="passedodd"><td><a href="#m13">createLeaf_SalesManager</a></td></tr></tbody>
</table>
<h2>createtest</h2><h3 id="m0">nvkidsframework.testcases.CreatePageTestCaseAgain#createLeaf_DemoCSR</h3><table class="result"><tr class="param"><th>Parameter #1</th><th>Parameter #2</th></tr><tr class="param stripe"><td>DemoSalesManager</td><td>crmsfa</td></tr><tr><th colspan="2">Exception</th></tr><tr><td colspan="2"><div class="stacktrace">org.openqa.selenium.WebDriverException: chrome not reachable
  (Session info: chrome=80.0.3987.87)
Build info: version: &apos;3.141.59&apos;, revision: &apos;e82be7d358&apos;, time: &apos;2018-11-14T08:17:03&apos;
System info: host: &apos;DESKTOP-O0V8JPK&apos;, ip: &apos;192.168.137.1&apos;, os.name: &apos;Windows 10&apos;, os.arch: &apos;amd64&apos;, os.version: &apos;10.0&apos;, java.version: &apos;1.8.0_171&apos;
Driver info: org.openqa.selenium.chrome.ChromeDriver
Capabilities {acceptInsecureCerts: false, browserName: chrome, browserVersion: 80.0.3987.87, chrome: {chromedriverVersion: 79.0.3945.36 (3582db32b3389..., userDataDir: C:\Users\Shamili\AppData\Lo...}, goog:chromeOptions: {debuggerAddress: localhost:61044}, javascriptEnabled: true, networkConnectionEnabled: false, pageLoadStrategy: normal, platform: WINDOWS, platformName: WINDOWS, proxy: Proxy(), setWindowRect: true, strictFileInteractability: false, timeouts: {implicit: 0, pageLoad: 300000, script: 30000}, unhandledPromptBehavior: dismiss and notify}
Session ID: 5c90a643d85d2ca82f75b3c2fb7681f4
*** Element info: {Using=class name, value=decorativeSubmit}
	at org.openqa.selenium.remote.http.W3CHttpResponseCodec.createException(W3CHttpResponseCodec.java:187)
	at org.openqa.selenium.remote.http.W3CHttpResponseCodec.decode(W3CHttpResponseCodec.java:122)
	at org.openqa.selenium.remote.http.W3CHttpResponseCodec.decode(W3CHttpResponseCodec.java:49)
	at org.openqa.selenium.remote.HttpCommandExecutor.execute(HttpCommandExecutor.java:158)
	at org.openqa.selenium.remote.service.DriverCommandExecutor.execute(DriverCommandExecutor.java:83)
	at org.openqa.selenium.remote.RemoteWebDriver.execute(RemoteWebDriver.java:552)
	at org.openqa.selenium.remote.RemoteWebDriver.findElement(RemoteWebDriver.java:323)
	at org.openqa.selenium.remote.RemoteWebDriver.findElementByClassName(RemoteWebDriver.java:412)
	at org.openqa.selenium.By$ByClassName.findElement(By.java:389)
	at org.openqa.selenium.remote.RemoteWebDriver.findElement(RemoteWebDriver.java:315)
	at org.openqa.selenium.support.pagefactory.DefaultElementLocator.findElement(DefaultElementLocator.java:69)
	at org.openqa.selenium.support.pagefactory.internal.LocatingElementHandler.invoke(LocatingElementHandler.java:38)
	at com.sun.proxy.$Proxy15.isDisplayed(Unknown Source)
	at org.openqa.selenium.support.ui.ExpectedConditions.elementIfVisible(ExpectedConditions.java:314)
	at org.openqa.selenium.support.ui.ExpectedConditions.access$000(ExpectedConditions.java:43)
	at org.openqa.selenium.support.ui.ExpectedConditions$10.apply(ExpectedConditions.java:300)
	at org.openqa.selenium.support.ui.ExpectedConditions$10.apply(ExpectedConditions.java:297)
	at org.openqa.selenium.support.ui.ExpectedConditions$23.apply(ExpectedConditions.java:670)
	at org.openqa.selenium.support.ui.ExpectedConditions$23.apply(ExpectedConditions.java:666)
	at org.openqa.selenium.support.ui.FluentWait.until(FluentWait.java:249)
	at nv.selenium.api.base.SeleniumBase.click(SeleniumBase.java:141)
	at nv.leafbot.pages.LoginPage.clickLogInForFailer(LoginPage.java:68)
	at nvkidsframework.testcases.CreatePageTestCaseAgain.createLeaf_DemoCSR(CreatePageTestCaseAgain.java:46)
	at java.util.concurrent.ThreadPoolExecutor.runWorker(ThreadPoolExecutor.java:1149)
	at java.util.concurrent.ThreadPoolExecutor$Worker.run(ThreadPoolExecutor.java:624)
	at java.lang.Thread.run(Thread.java:748)
... Removed 14 stack frames</div></td></tr></table><p class="totop"><a href="#summary">back to summary</a></p>
<h3 id="m1">nvkidsframework.testcases.CreatePageTestcase#createLeaf_DemoCSR</h3><table class="result"><tr class="param"><th>Parameter #1</th><th>Parameter #2</th></tr><tr class="param stripe"><td>DemoSalesManager</td><td>crmsfa</td></tr><tr><th colspan="2">Exception</th></tr><tr><td colspan="2"><div class="stacktrace">org.openqa.selenium.WebDriverException: chrome not reachable
  (Session info: chrome=80.0.3987.87)
Build info: version: &apos;3.141.59&apos;, revision: &apos;e82be7d358&apos;, time: &apos;2018-11-14T08:17:03&apos;
System info: host: &apos;DESKTOP-O0V8JPK&apos;, ip: &apos;192.168.137.1&apos;, os.name: &apos;Windows 10&apos;, os.arch: &apos;amd64&apos;, os.version: &apos;10.0&apos;, java.version: &apos;1.8.0_171&apos;
Driver info: org.openqa.selenium.chrome.ChromeDriver
Capabilities {acceptInsecureCerts: false, browserName: chrome, browserVersion: 80.0.3987.87, chrome: {chromedriverVersion: 79.0.3945.36 (3582db32b3389..., userDataDir: C:\Users\Shamili\AppData\Lo...}, goog:chromeOptions: {debuggerAddress: localhost:61045}, javascriptEnabled: true, networkConnectionEnabled: false, pageLoadStrategy: normal, platform: WINDOWS, platformName: WINDOWS, proxy: Proxy(), setWindowRect: true, strictFileInteractability: false, timeouts: {implicit: 0, pageLoad: 300000, script: 30000}, unhandledPromptBehavior: dismiss and notify}
Session ID: 3913d71554318edb4b5c4c6bb2583e03
*** Element info: {Using=id, value=username}
	at org.openqa.selenium.remote.http.W3CHttpResponseCodec.createException(W3CHttpResponseCodec.java:187)
	at org.openqa.selenium.remote.http.W3CHttpResponseCodec.decode(W3CHttpResponseCodec.java:122)
	at org.openqa.selenium.remote.http.W3CHttpResponseCodec.decode(W3CHttpResponseCodec.java:49)
	at org.openqa.selenium.remote.HttpCommandExecutor.execute(HttpCommandExecutor.java:158)
	at org.openqa.selenium.remote.service.DriverCommandExecutor.execute(DriverCommandExecutor.java:83)
	at org.openqa.selenium.remote.RemoteWebDriver.execute(RemoteWebDriver.java:552)
	at org.openqa.selenium.remote.RemoteWebDriver.findElement(RemoteWebDriver.java:323)
	at org.openqa.selenium.remote.RemoteWebDriver.findElementById(RemoteWebDriver.java:372)
	at org.openqa.selenium.By$ById.findElement(By.java:188)
	at org.openqa.selenium.remote.RemoteWebDriver.findElement(RemoteWebDriver.java:315)
	at org.openqa.selenium.support.pagefactory.DefaultElementLocator.findElement(DefaultElementLocator.java:69)
	at org.openqa.selenium.support.pagefactory.internal.LocatingElementHandler.invoke(LocatingElementHandler.java:38)
	at com.sun.proxy.$Proxy15.clear(Unknown Source)
	at nv.selenium.api.base.SeleniumBase.clearAndType(SeleniumBase.java:86)
	at nv.leafbot.pages.LoginPage.enterUserName(LoginPage.java:42)
	at nvkidsframework.testcases.CreatePageTestcase.createLeaf_DemoCSR(CreatePageTestcase.java:48)
	at java.util.concurrent.ThreadPoolExecutor.runWorker(ThreadPoolExecutor.java:1149)
	at java.util.concurrent.ThreadPoolExecutor$Worker.run(ThreadPoolExecutor.java:624)
	at java.lang.Thread.run(Thread.java:748)
... Removed 14 stack frames</div></td></tr></table><p class="totop"><a href="#summary">back to summary</a></p>
<h3 id="m2">nvkidsframework.testcases.CreatePageTestCaseAgain#createLeaf_DemoCSR</h3><table class="result"><tr class="param"><th>Parameter #1</th><th>Parameter #2</th></tr><tr class="param stripe"><td>DemoCSR2</td><td>crmsfa</td></tr></table><p class="totop"><a href="#summary">back to summary</a></p>
<h3 id="m3">nvkidsframework.testcases.CreatePageTestCaseAgain#createLeaf_DemoCSR</h3><table class="result"><tr class="param"><th>Parameter #1</th><th>Parameter #2</th></tr><tr class="param stripe"><td>DemoCSR</td><td>crmsfa</td></tr></table><p class="totop"><a href="#summary">back to summary</a></p>
<h3 id="m4">nvkidsframework.testcases.CreatePageTestCaseAgain#createLeaf_DemoCSR</h3><table class="result"><tr class="param"><th>Parameter #1</th><th>Parameter #2</th></tr><tr class="param stripe"><td>DemoSalesManager</td><td>crmsfa</td></tr></table><p class="totop"><a href="#summary">back to summary</a></p>
<h3 id="m5">nvkidsframework.testcases.CreatePageTestCaseAgain#createLeaf_SalesManager</h3><table class="result"><tr class="param"><th>Parameter #1</th><th>Parameter #2</th></tr><tr class="param stripe"><td>DemoCSR2</td><td>crmsfa</td></tr></table><p class="totop"><a href="#summary">back to summary</a></p>
<h3 id="m6">nvkidsframework.testcases.CreatePageTestCaseAgain#createLeaf_SalesManager</h3><table class="result"><tr class="param"><th>Parameter #1</th><th>Parameter #2</th></tr><tr class="param stripe"><td>DemoSalesManager</td><td>crmsfa</td></tr></table><p class="totop"><a href="#summary">back to summary</a></p>
<h3 id="m7">nvkidsframework.testcases.CreatePageTestCaseAgain#createLeaf_SalesManager</h3><table class="result"><tr class="param"><th>Parameter #1</th><th>Parameter #2</th></tr><tr class="param stripe"><td>DemoCSR</td><td>crmsfa</td></tr></table><p class="totop"><a href="#summary">back to summary</a></p>
<h3 id="m8">nvkidsframework.testcases.CreatePageTestcase#createLeaf_DemoCSR</h3><table class="result"><tr class="param"><th>Parameter #1</th><th>Parameter #2</th></tr><tr class="param stripe"><td>DemoCSR2</td><td>crmsfa</td></tr></table><p class="totop"><a href="#summary">back to summary</a></p>
<h3 id="m9">nvkidsframework.testcases.CreatePageTestcase#createLeaf_DemoCSR</h3><table class="result"><tr class="param"><th>Parameter #1</th><th>Parameter #2</th></tr><tr class="param stripe"><td>DemoSalesManager</td><td>crmsfa</td></tr></table><p class="totop"><a href="#summary">back to summary</a></p>
<h3 id="m10">nvkidsframework.testcases.CreatePageTestcase#createLeaf_DemoCSR</h3><table class="result"><tr class="param"><th>Parameter #1</th><th>Parameter #2</th></tr><tr class="param stripe"><td>DemoCSR</td><td>crmsfa</td></tr></table><p class="totop"><a href="#summary">back to summary</a></p>
<h3 id="m11">nvkidsframework.testcases.CreatePageTestcase#createLeaf_SalesManager</h3><table class="result"><tr class="param"><th>Parameter #1</th><th>Parameter #2</th></tr><tr class="param stripe"><td>DemoCSR</td><td>crmsfa</td></tr></table><p class="totop"><a href="#summary">back to summary</a></p>
<h3 id="m12">nvkidsframework.testcases.CreatePageTestcase#createLeaf_SalesManager</h3><table class="result"><tr class="param"><th>Parameter #1</th><th>Parameter #2</th></tr><tr class="param stripe"><td>DemoCSR2</td><td>crmsfa</td></tr></table><p class="totop"><a href="#summary">back to summary</a></p>
<h3 id="m13">nvkidsframework.testcases.CreatePageTestcase#createLeaf_SalesManager</h3><table class="result"><tr class="param"><th>Parameter #1</th><th>Parameter #2</th></tr><tr class="param stripe"><td>DemoSalesManager</td><td>crmsfa</td></tr></table><p class="totop"><a href="#summary">back to summary</a></p>
</body>
</html>
