<?xml version="1.0" encoding="UTF-8"?>
<testng-results skipped="2" failed="0" ignored="3" total="17" passed="12">
  <reporter-output>
  </reporter-output>
  <suite name="Suite" duration-ms="235423" started-at="2020-02-09T03:21:01Z" finished-at="2020-02-09T03:24:56Z">
    <groups>
    </groups>
    <test name="createtest" duration-ms="235423" started-at="2020-02-09T03:21:01Z" finished-at="2020-02-09T03:24:56Z">
      <class name="nvkidsframework.testcases.CreatePageTestcase">
        <test-method status="PASS" signature="startReport(org.testng.ITestContext)[pri:0, instance:nvkidsframework.testcases.CreatePageTestcase@37918c79]" name="startReport" is-config="true" duration-ms="167" started-at="2020-02-09T03:21:01Z" finished-at="2020-02-09T03:21:01Z">
          <params>
            <param index="0">
              <value>
                <![CDATA[org.testng.TestRunner@1ca3b418]]>
              </value>
            </param>
          </params>
          <reporter-output>
          </reporter-output>
        </test-method> <!-- startReport -->
        <test-method status="PASS" signature="Deleteimages()[pri:0, instance:nvkidsframework.testcases.CreatePageTestcase@37918c79]" name="Deleteimages" is-config="true" duration-ms="25" started-at="2020-02-09T03:21:01Z" finished-at="2020-02-09T03:21:01Z">
          <reporter-output>
          </reporter-output>
        </test-method> <!-- Deleteimages -->
        <test-method status="PASS" signature="beforeclass()[pri:0, instance:nvkidsframework.testcases.CreatePageTestcase@37918c79]" name="beforeclass" is-config="true" duration-ms="4" started-at="2020-02-09T03:21:01Z" finished-at="2020-02-09T03:21:01Z">
          <reporter-output>
          </reporter-output>
        </test-method> <!-- beforeclass -->
        <test-method status="PASS" signature="configureAndLaunch(java.lang.reflect.Method)[pri:0, instance:nvkidsframework.testcases.CreatePageTestcase@37918c79]" name="configureAndLaunch" is-config="true" duration-ms="14806" started-at="2020-02-09T03:21:02Z" finished-at="2020-02-09T03:21:16Z">
          <params>
            <param index="0">
              <value>
                <![CDATA[public void nvkidsframework.testcases.CreatePageTestcase.createLeaf_DemoCSR(java.lang.String,java.lang.String) throws java.lang.InterruptedException]]>
              </value>
            </param>
          </params>
          <reporter-output>
          </reporter-output>
        </test-method> <!-- configureAndLaunch -->
        <test-method status="SKIP" signature="createLeaf_DemoCSR(java.lang.String, java.lang.String)[pri:0, instance:nvkidsframework.testcases.CreatePageTestcase@37918c79]" name="createLeaf_DemoCSR" duration-ms="11497" started-at="2020-02-09T03:21:16Z" description="create leaf for demo CSR" data-provider="fetchData" finished-at="2020-02-09T03:21:28Z">
          <params>
            <param index="0">
              <value>
                <![CDATA[DemoSalesManager]]>
              </value>
            </param>
            <param index="1">
              <value>
                <![CDATA[crmsfa]]>
              </value>
            </param>
          </params>
          <exception class="org.openqa.selenium.WebDriverException">
            <message>
              <![CDATA[chrome not reachable
  (Session info: chrome=80.0.3987.87)
Build info: version: '3.141.59', revision: 'e82be7d358', time: '2018-11-14T08:17:03'
System info: host: 'DESKTOP-O0V8JPK', ip: '192.168.137.1', os.name: 'Windows 10', os.arch: 'amd64', os.version: '10.0', java.version: '1.8.0_171'
Driver info: org.openqa.selenium.chrome.ChromeDriver
Capabilities {acceptInsecureCerts: false, browserName: chrome, browserVersion: 80.0.3987.87, chrome: {chromedriverVersion: 79.0.3945.36 (3582db32b3389..., userDataDir: C:\Users\Shamili\AppData\Lo...}, goog:chromeOptions: {debuggerAddress: localhost:61045}, javascriptEnabled: true, networkConnectionEnabled: false, pageLoadStrategy: normal, platform: WINDOWS, platformName: WINDOWS, proxy: Proxy(), setWindowRect: true, strictFileInteractability: false, timeouts: {implicit: 0, pageLoad: 300000, script: 30000}, unhandledPromptBehavior: dismiss and notify}
Session ID: 3913d71554318edb4b5c4c6bb2583e03
*** Element info: {Using=id, value=username}]]>
            </message>
            <full-stacktrace>
              <![CDATA[org.openqa.selenium.WebDriverException: chrome not reachable
  (Session info: chrome=80.0.3987.87)
Build info: version: '3.141.59', revision: 'e82be7d358', time: '2018-11-14T08:17:03'
System info: host: 'DESKTOP-O0V8JPK', ip: '192.168.137.1', os.name: 'Windows 10', os.arch: 'amd64', os.version: '10.0', java.version: '1.8.0_171'
Driver info: org.openqa.selenium.chrome.ChromeDriver
Capabilities {acceptInsecureCerts: false, browserName: chrome, browserVersion: 80.0.3987.87, chrome: {chromedriverVersion: 79.0.3945.36 (3582db32b3389..., userDataDir: C:\Users\Shamili\AppData\Lo...}, goog:chromeOptions: {debuggerAddress: localhost:61045}, javascriptEnabled: true, networkConnectionEnabled: false, pageLoadStrategy: normal, platform: WINDOWS, platformName: WINDOWS, proxy: Proxy(), setWindowRect: true, strictFileInteractability: false, timeouts: {implicit: 0, pageLoad: 300000, script: 30000}, unhandledPromptBehavior: dismiss and notify}
Session ID: 3913d71554318edb4b5c4c6bb2583e03
*** Element info: {Using=id, value=username}
at sun.reflect.NativeConstructorAccessorImpl.newInstance0(Native Method)
at sun.reflect.NativeConstructorAccessorImpl.newInstance(NativeConstructorAccessorImpl.java:62)
at sun.reflect.DelegatingConstructorAccessorImpl.newInstance(DelegatingConstructorAccessorImpl.java:45)
at java.lang.reflect.Constructor.newInstance(Constructor.java:423)
at org.openqa.selenium.remote.http.W3CHttpResponseCodec.createException(W3CHttpResponseCodec.java:187)
at org.openqa.selenium.remote.http.W3CHttpResponseCodec.decode(W3CHttpResponseCodec.java:122)
at org.openqa.selenium.remote.http.W3CHttpResponseCodec.decode(W3CHttpResponseCodec.java:49)
at org.openqa.selenium.remote.HttpCommandExecutor.execute(HttpCommandExecutor.java:158)
at org.openqa.selenium.remote.service.DriverCommandExecutor.execute(DriverCommandExecutor.java:83)
at org.openqa.selenium.remote.RemoteWebDriver.execute(RemoteWebDriver.java:552)
at org.openqa.selenium.remote.RemoteWebDriver.findElement(RemoteWebDriver.java:323)
at org.openqa.selenium.remote.RemoteWebDriver.findElementById(RemoteWebDriver.java:372)
at org.openqa.selenium.By$ById.findElement(By.java:188)
at org.openqa.selenium.remote.RemoteWebDriver.findElement(RemoteWebDriver.java:315)
at org.openqa.selenium.support.pagefactory.DefaultElementLocator.findElement(DefaultElementLocator.java:69)
at org.openqa.selenium.support.pagefactory.internal.LocatingElementHandler.invoke(LocatingElementHandler.java:38)
at com.sun.proxy.$Proxy15.clear(Unknown Source)
at nv.selenium.api.base.SeleniumBase.clearAndType(SeleniumBase.java:86)
at nv.leafbot.pages.LoginPage.enterUserName(LoginPage.java:42)
at nvkidsframework.testcases.CreatePageTestcase.createLeaf_DemoCSR(CreatePageTestcase.java:48)
at sun.reflect.NativeMethodAccessorImpl.invoke0(Native Method)
at sun.reflect.NativeMethodAccessorImpl.invoke(NativeMethodAccessorImpl.java:62)
at sun.reflect.DelegatingMethodAccessorImpl.invoke(DelegatingMethodAccessorImpl.java:43)
at java.lang.reflect.Method.invoke(Method.java:498)
at org.testng.internal.MethodInvocationHelper.invokeMethod(MethodInvocationHelper.java:124)
at org.testng.internal.Invoker.invokeMethod(Invoker.java:583)
at org.testng.internal.Invoker.invokeTestMethod(Invoker.java:719)
at org.testng.internal.Invoker.invokeTestMethods(Invoker.java:989)
at org.testng.internal.TestMethodWorker.invokeTestMethods(TestMethodWorker.java:125)
at org.testng.internal.TestMethodWorker.run(TestMethodWorker.java:109)
at java.util.concurrent.ThreadPoolExecutor.runWorker(ThreadPoolExecutor.java:1149)
at java.util.concurrent.ThreadPoolExecutor$Worker.run(ThreadPoolExecutor.java:624)
at java.lang.Thread.run(Thread.java:748)
]]>
            </full-stacktrace>
          </exception> <!-- org.openqa.selenium.WebDriverException -->
          <reporter-output>
          </reporter-output>
        </test-method> <!-- createLeaf_DemoCSR -->
        <test-method status="PASS" signature="closeBrowser()[pri:0, instance:nvkidsframework.testcases.CreatePageTestcase@37918c79]" name="closeBrowser" is-config="true" duration-ms="639" started-at="2020-02-09T03:21:28Z" finished-at="2020-02-09T03:21:29Z">
          <reporter-output>
          </reporter-output>
        </test-method> <!-- closeBrowser -->
        <test-method status="PASS" signature="configureAndLaunch(java.lang.reflect.Method)[pri:0, instance:nvkidsframework.testcases.CreatePageTestcase@37918c79]" name="configureAndLaunch" is-config="true" duration-ms="5755" started-at="2020-02-09T03:21:29Z" finished-at="2020-02-09T03:21:34Z">
          <params>
            <param index="0">
              <value>
                <![CDATA[public void nvkidsframework.testcases.CreatePageTestcase.createLeaf_DemoCSR(java.lang.String,java.lang.String) throws java.lang.InterruptedException]]>
              </value>
            </param>
          </params>
          <reporter-output>
          </reporter-output>
        </test-method> <!-- configureAndLaunch -->
        <test-method status="PASS" signature="createLeaf_DemoCSR(java.lang.String, java.lang.String)[pri:0, instance:nvkidsframework.testcases.CreatePageTestcase@37918c79]" name="createLeaf_DemoCSR" duration-ms="39520" started-at="2020-02-09T03:21:34Z" description="create leaf for demo CSR" data-provider="fetchData" finished-at="2020-02-09T03:22:14Z">
          <params>
            <param index="0">
              <value>
                <![CDATA[DemoSalesManager]]>
              </value>
            </param>
            <param index="1">
              <value>
                <![CDATA[crmsfa]]>
              </value>
            </param>
          </params>
          <reporter-output>
          </reporter-output>
        </test-method> <!-- createLeaf_DemoCSR -->
        <test-method status="PASS" signature="closeBrowser()[pri:0, instance:nvkidsframework.testcases.CreatePageTestcase@37918c79]" name="closeBrowser" is-config="true" duration-ms="1001" started-at="2020-02-09T03:22:14Z" finished-at="2020-02-09T03:22:15Z">
          <reporter-output>
          </reporter-output>
        </test-method> <!-- closeBrowser -->
        <test-method status="PASS" signature="configureAndLaunch(java.lang.reflect.Method)[pri:0, instance:nvkidsframework.testcases.CreatePageTestcase@37918c79]" name="configureAndLaunch" is-config="true" duration-ms="10271" started-at="2020-02-09T03:22:15Z" finished-at="2020-02-09T03:22:25Z">
          <params>
            <param index="0">
              <value>
                <![CDATA[public void nvkidsframework.testcases.CreatePageTestcase.createLeaf_DemoCSR(java.lang.String,java.lang.String) throws java.lang.InterruptedException]]>
              </value>
            </param>
          </params>
          <reporter-output>
          </reporter-output>
        </test-method> <!-- configureAndLaunch -->
        <test-method status="PASS" signature="createLeaf_DemoCSR(java.lang.String, java.lang.String)[pri:0, instance:nvkidsframework.testcases.CreatePageTestcase@37918c79]" name="createLeaf_DemoCSR" duration-ms="38227" started-at="2020-02-09T03:22:25Z" description="create leaf for demo CSR" data-provider="fetchData" finished-at="2020-02-09T03:23:03Z">
          <params>
            <param index="0">
              <value>
                <![CDATA[DemoCSR]]>
              </value>
            </param>
            <param index="1">
              <value>
                <![CDATA[crmsfa]]>
              </value>
            </param>
          </params>
          <reporter-output>
          </reporter-output>
        </test-method> <!-- createLeaf_DemoCSR -->
        <test-method status="PASS" signature="closeBrowser()[pri:0, instance:nvkidsframework.testcases.CreatePageTestcase@37918c79]" name="closeBrowser" is-config="true" duration-ms="1303" started-at="2020-02-09T03:23:03Z" finished-at="2020-02-09T03:23:05Z">
          <reporter-output>
          </reporter-output>
        </test-method> <!-- closeBrowser -->
        <test-method status="PASS" signature="configureAndLaunch(java.lang.reflect.Method)[pri:0, instance:nvkidsframework.testcases.CreatePageTestcase@37918c79]" name="configureAndLaunch" is-config="true" duration-ms="13165" started-at="2020-02-09T03:23:05Z" finished-at="2020-02-09T03:23:18Z">
          <params>
            <param index="0">
              <value>
                <![CDATA[public void nvkidsframework.testcases.CreatePageTestcase.createLeaf_DemoCSR(java.lang.String,java.lang.String) throws java.lang.InterruptedException]]>
              </value>
            </param>
          </params>
          <reporter-output>
          </reporter-output>
        </test-method> <!-- configureAndLaunch -->
        <test-method status="PASS" signature="createLeaf_DemoCSR(java.lang.String, java.lang.String)[pri:0, instance:nvkidsframework.testcases.CreatePageTestcase@37918c79]" name="createLeaf_DemoCSR" duration-ms="37781" started-at="2020-02-09T03:23:18Z" description="create leaf for demo CSR" data-provider="fetchData" finished-at="2020-02-09T03:23:56Z">
          <params>
            <param index="0">
              <value>
                <![CDATA[DemoCSR2]]>
              </value>
            </param>
            <param index="1">
              <value>
                <![CDATA[crmsfa]]>
              </value>
            </param>
          </params>
          <reporter-output>
          </reporter-output>
        </test-method> <!-- createLeaf_DemoCSR -->
        <test-method status="PASS" signature="closeBrowser()[pri:0, instance:nvkidsframework.testcases.CreatePageTestcase@37918c79]" name="closeBrowser" is-config="true" duration-ms="1240" started-at="2020-02-09T03:23:56Z" finished-at="2020-02-09T03:23:57Z">
          <reporter-output>
          </reporter-output>
        </test-method> <!-- closeBrowser -->
        <test-method status="PASS" signature="configureAndLaunch(java.lang.reflect.Method)[pri:0, instance:nvkidsframework.testcases.CreatePageTestcase@37918c79]" name="configureAndLaunch" is-config="true" duration-ms="11647" started-at="2020-02-09T03:23:57Z" finished-at="2020-02-09T03:24:09Z">
          <params>
            <param index="0">
              <value>
                <![CDATA[public void nvkidsframework.testcases.CreatePageTestcase.createLeaf_SalesManager(java.lang.String,java.lang.String) throws java.lang.InterruptedException]]>
              </value>
            </param>
          </params>
          <reporter-output>
          </reporter-output>
        </test-method> <!-- configureAndLaunch -->
        <test-method status="PASS" signature="createLeaf_SalesManager(java.lang.String, java.lang.String)[pri:0, instance:nvkidsframework.testcases.CreatePageTestcase@37918c79]" name="createLeaf_SalesManager" duration-ms="8479" started-at="2020-02-09T03:24:09Z" description="create leaf for demo sales manager" data-provider="fetchData" finished-at="2020-02-09T03:24:17Z">
          <params>
            <param index="0">
              <value>
                <![CDATA[DemoSalesManager]]>
              </value>
            </param>
            <param index="1">
              <value>
                <![CDATA[crmsfa]]>
              </value>
            </param>
          </params>
          <reporter-output>
          </reporter-output>
        </test-method> <!-- createLeaf_SalesManager -->
        <test-method status="PASS" signature="closeBrowser()[pri:0, instance:nvkidsframework.testcases.CreatePageTestcase@37918c79]" name="closeBrowser" is-config="true" duration-ms="1150" started-at="2020-02-09T03:24:17Z" finished-at="2020-02-09T03:24:18Z">
          <reporter-output>
          </reporter-output>
        </test-method> <!-- closeBrowser -->
        <test-method status="PASS" signature="configureAndLaunch(java.lang.reflect.Method)[pri:0, instance:nvkidsframework.testcases.CreatePageTestcase@37918c79]" name="configureAndLaunch" is-config="true" duration-ms="9197" started-at="2020-02-09T03:24:18Z" finished-at="2020-02-09T03:24:28Z">
          <params>
            <param index="0">
              <value>
                <![CDATA[public void nvkidsframework.testcases.CreatePageTestcase.createLeaf_SalesManager(java.lang.String,java.lang.String) throws java.lang.InterruptedException]]>
              </value>
            </param>
          </params>
          <reporter-output>
          </reporter-output>
        </test-method> <!-- configureAndLaunch -->
        <test-method status="PASS" signature="createLeaf_SalesManager(java.lang.String, java.lang.String)[pri:0, instance:nvkidsframework.testcases.CreatePageTestcase@37918c79]" name="createLeaf_SalesManager" duration-ms="8326" started-at="2020-02-09T03:24:28Z" description="create leaf for demo sales manager" data-provider="fetchData" finished-at="2020-02-09T03:24:36Z">
          <params>
            <param index="0">
              <value>
                <![CDATA[DemoCSR]]>
              </value>
            </param>
            <param index="1">
              <value>
                <![CDATA[crmsfa]]>
              </value>
            </param>
          </params>
          <reporter-output>
          </reporter-output>
        </test-method> <!-- createLeaf_SalesManager -->
        <test-method status="PASS" signature="closeBrowser()[pri:0, instance:nvkidsframework.testcases.CreatePageTestcase@37918c79]" name="closeBrowser" is-config="true" duration-ms="1611" started-at="2020-02-09T03:24:36Z" finished-at="2020-02-09T03:24:38Z">
          <reporter-output>
          </reporter-output>
        </test-method> <!-- closeBrowser -->
        <test-method status="PASS" signature="configureAndLaunch(java.lang.reflect.Method)[pri:0, instance:nvkidsframework.testcases.CreatePageTestcase@37918c79]" name="configureAndLaunch" is-config="true" duration-ms="9519" started-at="2020-02-09T03:24:38Z" finished-at="2020-02-09T03:24:47Z">
          <params>
            <param index="0">
              <value>
                <![CDATA[public void nvkidsframework.testcases.CreatePageTestcase.createLeaf_SalesManager(java.lang.String,java.lang.String) throws java.lang.InterruptedException]]>
              </value>
            </param>
          </params>
          <reporter-output>
          </reporter-output>
        </test-method> <!-- configureAndLaunch -->
        <test-method status="PASS" signature="createLeaf_SalesManager(java.lang.String, java.lang.String)[pri:0, instance:nvkidsframework.testcases.CreatePageTestcase@37918c79]" name="createLeaf_SalesManager" duration-ms="8337" started-at="2020-02-09T03:24:47Z" description="create leaf for demo sales manager" data-provider="fetchData" finished-at="2020-02-09T03:24:55Z">
          <params>
            <param index="0">
              <value>
                <![CDATA[DemoCSR2]]>
              </value>
            </param>
            <param index="1">
              <value>
                <![CDATA[crmsfa]]>
              </value>
            </param>
          </params>
          <reporter-output>
          </reporter-output>
        </test-method> <!-- createLeaf_SalesManager -->
        <test-method status="PASS" signature="closeBrowser()[pri:0, instance:nvkidsframework.testcases.CreatePageTestcase@37918c79]" name="closeBrowser" is-config="true" duration-ms="720" started-at="2020-02-09T03:24:55Z" finished-at="2020-02-09T03:24:56Z">
          <reporter-output>
          </reporter-output>
        </test-method> <!-- closeBrowser -->
        <test-method status="PASS" signature="stopReport()[pri:0, instance:nvkidsframework.testcases.CreatePageTestcase@37918c79]" name="stopReport" is-config="true" duration-ms="1618" started-at="2020-02-09T03:24:56Z" finished-at="2020-02-09T03:24:58Z">
          <reporter-output>
          </reporter-output>
        </test-method> <!-- stopReport -->
      </class> <!-- nvkidsframework.testcases.CreatePageTestcase -->
      <class name="nvkidsframework.testcases.CreatePageTestCaseAgain">
        <test-method status="PASS" signature="beforeclass()[pri:0, instance:nvkidsframework.testcases.CreatePageTestCaseAgain@78e94dcf]" name="beforeclass" is-config="true" duration-ms="0" started-at="2020-02-09T03:21:01Z" finished-at="2020-02-09T03:21:01Z">
          <reporter-output>
          </reporter-output>
        </test-method> <!-- beforeclass -->
        <test-method status="PASS" signature="configureAndLaunch(java.lang.reflect.Method)[pri:0, instance:nvkidsframework.testcases.CreatePageTestCaseAgain@78e94dcf]" name="configureAndLaunch" is-config="true" duration-ms="14806" started-at="2020-02-09T03:21:02Z" finished-at="2020-02-09T03:21:16Z">
          <params>
            <param index="0">
              <value>
                <![CDATA[public void nvkidsframework.testcases.CreatePageTestCaseAgain.createLeaf_DemoCSR(java.lang.String,java.lang.String) throws java.lang.InterruptedException]]>
              </value>
            </param>
          </params>
          <reporter-output>
          </reporter-output>
        </test-method> <!-- configureAndLaunch -->
        <test-method status="SKIP" signature="createLeaf_DemoCSR(java.lang.String, java.lang.String)[pri:0, instance:nvkidsframework.testcases.CreatePageTestCaseAgain@78e94dcf]" name="createLeaf_DemoCSR" duration-ms="15340" started-at="2020-02-09T03:21:16Z" description=" Again create leaf for demo CSR" data-provider="fetchData" finished-at="2020-02-09T03:21:32Z">
          <params>
            <param index="0">
              <value>
                <![CDATA[DemoSalesManager]]>
              </value>
            </param>
            <param index="1">
              <value>
                <![CDATA[crmsfa]]>
              </value>
            </param>
          </params>
          <exception class="org.openqa.selenium.WebDriverException">
            <message>
              <![CDATA[chrome not reachable
  (Session info: chrome=80.0.3987.87)
Build info: version: '3.141.59', revision: 'e82be7d358', time: '2018-11-14T08:17:03'
System info: host: 'DESKTOP-O0V8JPK', ip: '192.168.137.1', os.name: 'Windows 10', os.arch: 'amd64', os.version: '10.0', java.version: '1.8.0_171'
Driver info: org.openqa.selenium.chrome.ChromeDriver
Capabilities {acceptInsecureCerts: false, browserName: chrome, browserVersion: 80.0.3987.87, chrome: {chromedriverVersion: 79.0.3945.36 (3582db32b3389..., userDataDir: C:\Users\Shamili\AppData\Lo...}, goog:chromeOptions: {debuggerAddress: localhost:61044}, javascriptEnabled: true, networkConnectionEnabled: false, pageLoadStrategy: normal, platform: WINDOWS, platformName: WINDOWS, proxy: Proxy(), setWindowRect: true, strictFileInteractability: false, timeouts: {implicit: 0, pageLoad: 300000, script: 30000}, unhandledPromptBehavior: dismiss and notify}
Session ID: 5c90a643d85d2ca82f75b3c2fb7681f4
*** Element info: {Using=class name, value=decorativeSubmit}]]>
            </message>
            <full-stacktrace>
              <![CDATA[org.openqa.selenium.WebDriverException: chrome not reachable
  (Session info: chrome=80.0.3987.87)
Build info: version: '3.141.59', revision: 'e82be7d358', time: '2018-11-14T08:17:03'
System info: host: 'DESKTOP-O0V8JPK', ip: '192.168.137.1', os.name: 'Windows 10', os.arch: 'amd64', os.version: '10.0', java.version: '1.8.0_171'
Driver info: org.openqa.selenium.chrome.ChromeDriver
Capabilities {acceptInsecureCerts: false, browserName: chrome, browserVersion: 80.0.3987.87, chrome: {chromedriverVersion: 79.0.3945.36 (3582db32b3389..., userDataDir: C:\Users\Shamili\AppData\Lo...}, goog:chromeOptions: {debuggerAddress: localhost:61044}, javascriptEnabled: true, networkConnectionEnabled: false, pageLoadStrategy: normal, platform: WINDOWS, platformName: WINDOWS, proxy: Proxy(), setWindowRect: true, strictFileInteractability: false, timeouts: {implicit: 0, pageLoad: 300000, script: 30000}, unhandledPromptBehavior: dismiss and notify}
Session ID: 5c90a643d85d2ca82f75b3c2fb7681f4
*** Element info: {Using=class name, value=decorativeSubmit}
at sun.reflect.NativeConstructorAccessorImpl.newInstance0(Native Method)
at sun.reflect.NativeConstructorAccessorImpl.newInstance(NativeConstructorAccessorImpl.java:62)
at sun.reflect.DelegatingConstructorAccessorImpl.newInstance(DelegatingConstructorAccessorImpl.java:45)
at java.lang.reflect.Constructor.newInstance(Constructor.java:423)
at org.openqa.selenium.remote.http.W3CHttpResponseCodec.createException(W3CHttpResponseCodec.java:187)
at org.openqa.selenium.remote.http.W3CHttpResponseCodec.decode(W3CHttpResponseCodec.java:122)
at org.openqa.selenium.remote.http.W3CHttpResponseCodec.decode(W3CHttpResponseCodec.java:49)
at org.openqa.selenium.remote.HttpCommandExecutor.execute(HttpCommandExecutor.java:158)
at org.openqa.selenium.remote.service.DriverCommandExecutor.execute(DriverCommandExecutor.java:83)
at org.openqa.selenium.remote.RemoteWebDriver.execute(RemoteWebDriver.java:552)
at org.openqa.selenium.remote.RemoteWebDriver.findElement(RemoteWebDriver.java:323)
at org.openqa.selenium.remote.RemoteWebDriver.findElementByClassName(RemoteWebDriver.java:412)
at org.openqa.selenium.By$ByClassName.findElement(By.java:389)
at org.openqa.selenium.remote.RemoteWebDriver.findElement(RemoteWebDriver.java:315)
at org.openqa.selenium.support.pagefactory.DefaultElementLocator.findElement(DefaultElementLocator.java:69)
at org.openqa.selenium.support.pagefactory.internal.LocatingElementHandler.invoke(LocatingElementHandler.java:38)
at com.sun.proxy.$Proxy15.isDisplayed(Unknown Source)
at org.openqa.selenium.support.ui.ExpectedConditions.elementIfVisible(ExpectedConditions.java:314)
at org.openqa.selenium.support.ui.ExpectedConditions.access$000(ExpectedConditions.java:43)
at org.openqa.selenium.support.ui.ExpectedConditions$10.apply(ExpectedConditions.java:300)
at org.openqa.selenium.support.ui.ExpectedConditions$10.apply(ExpectedConditions.java:297)
at org.openqa.selenium.support.ui.ExpectedConditions$23.apply(ExpectedConditions.java:670)
at org.openqa.selenium.support.ui.ExpectedConditions$23.apply(ExpectedConditions.java:666)
at org.openqa.selenium.support.ui.FluentWait.until(FluentWait.java:249)
at nv.selenium.api.base.SeleniumBase.click(SeleniumBase.java:141)
at nv.leafbot.pages.LoginPage.clickLogInForFailer(LoginPage.java:68)
at nvkidsframework.testcases.CreatePageTestCaseAgain.createLeaf_DemoCSR(CreatePageTestCaseAgain.java:46)
at sun.reflect.NativeMethodAccessorImpl.invoke0(Native Method)
at sun.reflect.NativeMethodAccessorImpl.invoke(NativeMethodAccessorImpl.java:62)
at sun.reflect.DelegatingMethodAccessorImpl.invoke(DelegatingMethodAccessorImpl.java:43)
at java.lang.reflect.Method.invoke(Method.java:498)
at org.testng.internal.MethodInvocationHelper.invokeMethod(MethodInvocationHelper.java:124)
at org.testng.internal.Invoker.invokeMethod(Invoker.java:583)
at org.testng.internal.Invoker.invokeTestMethod(Invoker.java:719)
at org.testng.internal.Invoker.invokeTestMethods(Invoker.java:989)
at org.testng.internal.TestMethodWorker.invokeTestMethods(TestMethodWorker.java:125)
at org.testng.internal.TestMethodWorker.run(TestMethodWorker.java:109)
at java.util.concurrent.ThreadPoolExecutor.runWorker(ThreadPoolExecutor.java:1149)
at java.util.concurrent.ThreadPoolExecutor$Worker.run(ThreadPoolExecutor.java:624)
at java.lang.Thread.run(Thread.java:748)
]]>
            </full-stacktrace>
          </exception> <!-- org.openqa.selenium.WebDriverException -->
          <reporter-output>
          </reporter-output>
        </test-method> <!-- createLeaf_DemoCSR -->
        <test-method status="PASS" signature="closeBrowser()[pri:0, instance:nvkidsframework.testcases.CreatePageTestCaseAgain@78e94dcf]" name="closeBrowser" is-config="true" duration-ms="634" started-at="2020-02-09T03:21:32Z" finished-at="2020-02-09T03:21:32Z">
          <reporter-output>
          </reporter-output>
        </test-method> <!-- closeBrowser -->
        <test-method status="PASS" signature="configureAndLaunch(java.lang.reflect.Method)[pri:0, instance:nvkidsframework.testcases.CreatePageTestCaseAgain@78e94dcf]" name="configureAndLaunch" is-config="true" duration-ms="5405" started-at="2020-02-09T03:21:32Z" finished-at="2020-02-09T03:21:38Z">
          <params>
            <param index="0">
              <value>
                <![CDATA[public void nvkidsframework.testcases.CreatePageTestCaseAgain.createLeaf_DemoCSR(java.lang.String,java.lang.String) throws java.lang.InterruptedException]]>
              </value>
            </param>
          </params>
          <reporter-output>
          </reporter-output>
        </test-method> <!-- configureAndLaunch -->
        <test-method status="PASS" signature="createLeaf_DemoCSR(java.lang.String, java.lang.String)[pri:0, instance:nvkidsframework.testcases.CreatePageTestCaseAgain@78e94dcf]" name="createLeaf_DemoCSR" duration-ms="38507" started-at="2020-02-09T03:21:38Z" description=" Again create leaf for demo CSR" data-provider="fetchData" finished-at="2020-02-09T03:22:16Z">
          <params>
            <param index="0">
              <value>
                <![CDATA[DemoSalesManager]]>
              </value>
            </param>
            <param index="1">
              <value>
                <![CDATA[crmsfa]]>
              </value>
            </param>
          </params>
          <reporter-output>
          </reporter-output>
        </test-method> <!-- createLeaf_DemoCSR -->
        <test-method status="PASS" signature="closeBrowser()[pri:0, instance:nvkidsframework.testcases.CreatePageTestCaseAgain@78e94dcf]" name="closeBrowser" is-config="true" duration-ms="782" started-at="2020-02-09T03:22:16Z" finished-at="2020-02-09T03:22:17Z">
          <reporter-output>
          </reporter-output>
        </test-method> <!-- closeBrowser -->
        <test-method status="PASS" signature="configureAndLaunch(java.lang.reflect.Method)[pri:0, instance:nvkidsframework.testcases.CreatePageTestCaseAgain@78e94dcf]" name="configureAndLaunch" is-config="true" duration-ms="7954" started-at="2020-02-09T03:22:17Z" finished-at="2020-02-09T03:22:25Z">
          <params>
            <param index="0">
              <value>
                <![CDATA[public void nvkidsframework.testcases.CreatePageTestCaseAgain.createLeaf_DemoCSR(java.lang.String,java.lang.String) throws java.lang.InterruptedException]]>
              </value>
            </param>
          </params>
          <reporter-output>
          </reporter-output>
        </test-method> <!-- configureAndLaunch -->
        <test-method status="PASS" signature="createLeaf_DemoCSR(java.lang.String, java.lang.String)[pri:0, instance:nvkidsframework.testcases.CreatePageTestCaseAgain@78e94dcf]" name="createLeaf_DemoCSR" duration-ms="38223" started-at="2020-02-09T03:22:25Z" description=" Again create leaf for demo CSR" data-provider="fetchData" finished-at="2020-02-09T03:23:03Z">
          <params>
            <param index="0">
              <value>
                <![CDATA[DemoCSR]]>
              </value>
            </param>
            <param index="1">
              <value>
                <![CDATA[crmsfa]]>
              </value>
            </param>
          </params>
          <reporter-output>
          </reporter-output>
        </test-method> <!-- createLeaf_DemoCSR -->
        <test-method status="PASS" signature="closeBrowser()[pri:0, instance:nvkidsframework.testcases.CreatePageTestCaseAgain@78e94dcf]" name="closeBrowser" is-config="true" duration-ms="1193" started-at="2020-02-09T03:23:03Z" finished-at="2020-02-09T03:23:05Z">
          <reporter-output>
          </reporter-output>
        </test-method> <!-- closeBrowser -->
        <test-method status="PASS" signature="configureAndLaunch(java.lang.reflect.Method)[pri:0, instance:nvkidsframework.testcases.CreatePageTestCaseAgain@78e94dcf]" name="configureAndLaunch" is-config="true" duration-ms="13431" started-at="2020-02-09T03:23:05Z" finished-at="2020-02-09T03:23:18Z">
          <params>
            <param index="0">
              <value>
                <![CDATA[public void nvkidsframework.testcases.CreatePageTestCaseAgain.createLeaf_DemoCSR(java.lang.String,java.lang.String) throws java.lang.InterruptedException]]>
              </value>
            </param>
          </params>
          <reporter-output>
          </reporter-output>
        </test-method> <!-- configureAndLaunch -->
        <test-method status="PASS" signature="createLeaf_DemoCSR(java.lang.String, java.lang.String)[pri:0, instance:nvkidsframework.testcases.CreatePageTestCaseAgain@78e94dcf]" name="createLeaf_DemoCSR" duration-ms="37629" started-at="2020-02-09T03:23:18Z" description=" Again create leaf for demo CSR" data-provider="fetchData" finished-at="2020-02-09T03:23:56Z">
          <params>
            <param index="0">
              <value>
                <![CDATA[DemoCSR2]]>
              </value>
            </param>
            <param index="1">
              <value>
                <![CDATA[crmsfa]]>
              </value>
            </param>
          </params>
          <reporter-output>
          </reporter-output>
        </test-method> <!-- createLeaf_DemoCSR -->
        <test-method status="PASS" signature="closeBrowser()[pri:0, instance:nvkidsframework.testcases.CreatePageTestCaseAgain@78e94dcf]" name="closeBrowser" is-config="true" duration-ms="1172" started-at="2020-02-09T03:23:56Z" finished-at="2020-02-09T03:23:57Z">
          <reporter-output>
          </reporter-output>
        </test-method> <!-- closeBrowser -->
        <test-method status="PASS" signature="configureAndLaunch(java.lang.reflect.Method)[pri:0, instance:nvkidsframework.testcases.CreatePageTestCaseAgain@78e94dcf]" name="configureAndLaunch" is-config="true" duration-ms="11367" started-at="2020-02-09T03:23:57Z" finished-at="2020-02-09T03:24:09Z">
          <params>
            <param index="0">
              <value>
                <![CDATA[public void nvkidsframework.testcases.CreatePageTestCaseAgain.createLeaf_SalesManager(java.lang.String,java.lang.String) throws java.lang.InterruptedException]]>
              </value>
            </param>
          </params>
          <reporter-output>
          </reporter-output>
        </test-method> <!-- configureAndLaunch -->
        <test-method status="PASS" signature="createLeaf_SalesManager(java.lang.String, java.lang.String)[pri:0, instance:nvkidsframework.testcases.CreatePageTestCaseAgain@78e94dcf]" name="createLeaf_SalesManager" duration-ms="8361" started-at="2020-02-09T03:24:09Z" description="Again create leaf for demo sales manager" data-provider="fetchData" finished-at="2020-02-09T03:24:17Z">
          <params>
            <param index="0">
              <value>
                <![CDATA[DemoSalesManager]]>
              </value>
            </param>
            <param index="1">
              <value>
                <![CDATA[crmsfa]]>
              </value>
            </param>
          </params>
          <reporter-output>
          </reporter-output>
        </test-method> <!-- createLeaf_SalesManager -->
        <test-method status="PASS" signature="closeBrowser()[pri:0, instance:nvkidsframework.testcases.CreatePageTestCaseAgain@78e94dcf]" name="closeBrowser" is-config="true" duration-ms="1127" started-at="2020-02-09T03:24:17Z" finished-at="2020-02-09T03:24:18Z">
          <reporter-output>
          </reporter-output>
        </test-method> <!-- closeBrowser -->
        <test-method status="PASS" signature="configureAndLaunch(java.lang.reflect.Method)[pri:0, instance:nvkidsframework.testcases.CreatePageTestCaseAgain@78e94dcf]" name="configureAndLaunch" is-config="true" duration-ms="9897" started-at="2020-02-09T03:24:18Z" finished-at="2020-02-09T03:24:28Z">
          <params>
            <param index="0">
              <value>
                <![CDATA[public void nvkidsframework.testcases.CreatePageTestCaseAgain.createLeaf_SalesManager(java.lang.String,java.lang.String) throws java.lang.InterruptedException]]>
              </value>
            </param>
          </params>
          <reporter-output>
          </reporter-output>
        </test-method> <!-- configureAndLaunch -->
        <test-method status="PASS" signature="createLeaf_SalesManager(java.lang.String, java.lang.String)[pri:0, instance:nvkidsframework.testcases.CreatePageTestCaseAgain@78e94dcf]" name="createLeaf_SalesManager" duration-ms="8321" started-at="2020-02-09T03:24:28Z" description="Again create leaf for demo sales manager" data-provider="fetchData" finished-at="2020-02-09T03:24:36Z">
          <params>
            <param index="0">
              <value>
                <![CDATA[DemoCSR]]>
              </value>
            </param>
            <param index="1">
              <value>
                <![CDATA[crmsfa]]>
              </value>
            </param>
          </params>
          <reporter-output>
          </reporter-output>
        </test-method> <!-- createLeaf_SalesManager -->
        <test-method status="PASS" signature="closeBrowser()[pri:0, instance:nvkidsframework.testcases.CreatePageTestCaseAgain@78e94dcf]" name="closeBrowser" is-config="true" duration-ms="1326" started-at="2020-02-09T03:24:36Z" finished-at="2020-02-09T03:24:38Z">
          <reporter-output>
          </reporter-output>
        </test-method> <!-- closeBrowser -->
        <test-method status="PASS" signature="configureAndLaunch(java.lang.reflect.Method)[pri:0, instance:nvkidsframework.testcases.CreatePageTestCaseAgain@78e94dcf]" name="configureAndLaunch" is-config="true" duration-ms="8518" started-at="2020-02-09T03:24:38Z" finished-at="2020-02-09T03:24:46Z">
          <params>
            <param index="0">
              <value>
                <![CDATA[public void nvkidsframework.testcases.CreatePageTestCaseAgain.createLeaf_SalesManager(java.lang.String,java.lang.String) throws java.lang.InterruptedException]]>
              </value>
            </param>
          </params>
          <reporter-output>
          </reporter-output>
        </test-method> <!-- configureAndLaunch -->
        <test-method status="PASS" signature="createLeaf_SalesManager(java.lang.String, java.lang.String)[pri:0, instance:nvkidsframework.testcases.CreatePageTestCaseAgain@78e94dcf]" name="createLeaf_SalesManager" duration-ms="8267" started-at="2020-02-09T03:24:46Z" description="Again create leaf for demo sales manager" data-provider="fetchData" finished-at="2020-02-09T03:24:54Z">
          <params>
            <param index="0">
              <value>
                <![CDATA[DemoCSR2]]>
              </value>
            </param>
            <param index="1">
              <value>
                <![CDATA[crmsfa]]>
              </value>
            </param>
          </params>
          <reporter-output>
          </reporter-output>
        </test-method> <!-- createLeaf_SalesManager -->
        <test-method status="PASS" signature="closeBrowser()[pri:0, instance:nvkidsframework.testcases.CreatePageTestCaseAgain@78e94dcf]" name="closeBrowser" is-config="true" duration-ms="809" started-at="2020-02-09T03:24:54Z" finished-at="2020-02-09T03:24:55Z">
          <reporter-output>
          </reporter-output>
        </test-method> <!-- closeBrowser -->
      </class> <!-- nvkidsframework.testcases.CreatePageTestCaseAgain -->
    </test> <!-- createtest -->
  </suite> <!-- Suite -->
</testng-results>
